<html>
<head>
<title>TestNG:  Default test</title>
<link href="../testng.css" rel="stylesheet" type="text/css" />
<link href="../my-testng.css" rel="stylesheet" type="text/css" />

<style type="text/css">
.log { display: none;} 
.stack-trace { display: none;} 
</style>
<script type="text/javascript">
<!--
function flip(e) {
  current = e.style.display;
  if (current == 'block') {
    e.style.display = 'none';
    return 0;
  }
  else {
    e.style.display = 'block';
    return 1;
  }
}

function toggleBox(szDivId, elem, msg1, msg2)
{
  var res = -1;  if (document.getElementById) {
    res = flip(document.getElementById(szDivId));
  }
  else if (document.all) {
    // this is the way old msie versions work
    res = flip(document.all[szDivId]);
  }
  if(elem) {
    if(res == 0) elem.innerHTML = msg1; else elem.innerHTML = msg2;
  }

}

function toggleAllBoxes() {
  if (document.getElementsByTagName) {
    d = document.getElementsByTagName('div');
    for (i = 0; i < d.length; i++) {
      if (d[i].className == 'log') {
        flip(d[i]);
      }
    }
  }
}

// -->
</script>

</head>
<body>
<h2 align='center'>Default test</h2><table border='1' align="center">
<tr>
<td>Tests passed/Failed/Skipped:</td><td>0/1/0</td>
</tr><tr>
<td>Started on:</td><td>Wed Apr 29 16:26:10 IST 2020</td>
</tr>
<tr><td>Total time:</td><td>12 seconds (12104 ms)</td>
</tr><tr>
<td>Included groups:</td><td></td>
</tr><tr>
<td>Excluded groups:</td><td></td>
</tr>
</table><p/>
<small><i>(Hover the method name to see the test class name)</i></small><p/>
<table width='100%' border='1' class='invocation-failed'>
<tr><td colspan='4' align='center'><b>FAILED TESTS</b></td></tr>
<tr><td><b>Test method</b></td>
<td width="30%"><b>Exception</b></td>
<td width="10%"><b>Time (seconds)</b></td>
<td><b>Instance</b></td>
</tr>
<tr>
<td title='com.calcluator.EmiCalculator.calculatorLoanEmi()'><b>calculatorLoanEmi</b><br>Test class: com.calcluator.EmiCalculator</td>
<td><div><pre>org.openqa.selenium.SessionNotCreatedException: session not created
from disconnected: Unable to receive message from renderer
  (Session info: chrome=81.0.4044.122)
Build info: version: &apos;3.141.59&apos;, revision: &apos;e82be7d358&apos;, time: &apos;2018-11-14T08:25:48&apos;
System info: host: &apos;INTEL-PC&apos;, ip: &apos;192.168.1.4&apos;, os.name: &apos;Windows 7&apos;, os.arch: &apos;x86&apos;, os.version: &apos;6.1&apos;, java.version: &apos;1.8.0_201&apos;
Driver info: driver.version: ChromeDriver
remote stacktrace: Backtrace:
	Ordinal0 [0x00470C83+1707139]
	Ordinal0 [0x003D68F1+1075441]
	Ordinal0 [0x0034DFC9+516041]
	Ordinal0 [0x00345DA5+482725]
	Ordinal0 [0x003453AC+480172]
	Ordinal0 [0x003455D5+480725]
	Ordinal0 [0x00345035+479285]
	Ordinal0 [0x0034CD25+511269]
	Ordinal0 [0x00344FE8+479208]
	Ordinal0 [0x00345A3B+481851]
	Ordinal0 [0x003453AC+480172]
	Ordinal0 [0x003455D5+480725]
	Ordinal0 [0x00345035+479285]
	Ordinal0 [0x0034B5AE+505262]
	Ordinal0 [0x00344FE8+479208]
	Ordinal0 [0x00345A3B+481851]
	Ordinal0 [0x003453AC+480172]
	Ordinal0 [0x003455D5+480725]
	Ordinal0 [0x00345035+479285]
	Ordinal0 [0x00349E1C+499228]
	Ordinal0 [0x00344FE8+479208]
	Ordinal0 [0x00345A3B+481851]
	Ordinal0 [0x003453AC+480172]
	Ordinal0 [0x003455D5+480725]
	Ordinal0 [0x00345035+479285]
	Ordinal0 [0x003494B7+496823]
	Ordinal0 [0x00344FE8+479208]
	Ordinal0 [0x00345A3B+481851]
	Ordinal0 [0x003453AC+480172]
	Ordinal0 [0x003455D5+480725]
	Ordinal0 [0x00345035+479285]
	Ordinal0 [0x00341B5C+465756]
	Ordinal0 [0x00344FE8+479208]
	Ordinal0 [0x00344EC4+478916]
	Ordinal0 [0x0034ECA0+519328]
	Ordinal0 [0x002FCA67+182887]
	Ordinal0 [0x002FBDDD+179677]
	Ordinal0 [0x002F9D4B+171339]
	Ordinal0 [0x002E1D4A+73034]
	Ordinal0 [0x002E2DC0+77248]
	Ordinal0 [0x002E2D59+77145]
	Ordinal0 [0x003EBB67+1162087]
	GetHandleVerifier [0x0050A966+508998]
	GetHandleVerifier [0x0050A6A4+508292]
	GetHandleVerifier [0x0051F7B7+594583]
	GetHandleVerifier [0x0050B1D6+511158]
	Ordinal0 [0x003E402C+1130540]
	Ordinal0 [0x003ED4CB+1168587]
	Ordinal0 [0x003ED633+1168947]
	Ordinal0 [0x00405B35+1268533]
	BaseThreadInitThunk [0x771E3C45+18]
	RtlInitializeExceptionChain [0x778837F5+239]
	RtlInitializeExceptionChain [0x778837C8+194]

	at sun.reflect.NativeConstructorAccessorImpl.newInstance0(Native Method)
	at sun.reflect.NativeConstructorAccessorImpl.newInstance(Unknown Source)
	at sun.reflect.DelegatingConstructorAccessorImpl.newInstance(Unknown Source)
	at java.lang.reflect.Constructor.newInstance(Unknown Source)
	at org.openqa.selenium.remote.W3CHandshakeResponse.lambda$errorHandler$0(W3CHandshakeResponse.java:62)
	at org.openqa.selenium.remote.HandshakeResponse.lambda$getResponseFunction$0(HandshakeResponse.java:30)
	at org.openqa.selenium.remote.ProtocolHandshake.lambda$createSession$0(ProtocolHandshake.java:126)
	at java.util.stream.ReferencePipeline$3$1.accept(Unknown Source)
	at java.util.Spliterators$ArraySpliterator.tryAdvance(Unknown Source)
	at java.util.stream.ReferencePipeline.forEachWithCancel(Unknown Source)
	at java.util.stream.AbstractPipeline.copyIntoWithCancel(Unknown Source)
	at java.util.stream.AbstractPipeline.copyInto(Unknown Source)
	at java.util.stream.AbstractPipeline.wrapAndCopyInto(Unknown Source)
	at java.util.stream.FindOps$FindOp.evaluateSequential(Unknown Source)
	at java.util.stream.AbstractPipeline.evaluate(Unknown Source)
	at java.util.stream.ReferencePipeline.findFirst(Unknown Source)
	at org.openqa.selenium.remote.ProtocolHandshake.createSession(ProtocolHandshake.java:128)
	at org.openqa.selenium.remote.ProtocolHandshake.createSession(ProtocolHandshake.java:74)
	at org.openqa.selenium.remote.HttpCommandExecutor.execute(HttpCommandExecutor.java:136)
	at org.openqa.selenium.remote.service.DriverCommandExecutor.execute(DriverCommandExecutor.java:83)
	at org.openqa.selenium.remote.RemoteWebDriver.execute(RemoteWebDriver.java:552)
	at org.openqa.selenium.remote.RemoteWebDriver.startSession(RemoteWebDriver.java:213)
	at org.openqa.selenium.remote.RemoteWebDriver.&lt;init&gt;(RemoteWebDriver.java:131)
	at org.openqa.selenium.chrome.ChromeDriver.&lt;init&gt;(ChromeDriver.java:181)
	at org.openqa.selenium.chrome.ChromeDriver.&lt;init&gt;(ChromeDriver.java:168)
	at org.openqa.selenium.chrome.ChromeDriver.&lt;init&gt;(ChromeDriver.java:123)
	at com.calcluator.EmiCalculator.calculatorLoanEmi(EmiCalculator.java:20)
	at sun.reflect.NativeMethodAccessorImpl.invoke0(Native Method)
	at sun.reflect.NativeMethodAccessorImpl.invoke(Unknown Source)
	at sun.reflect.DelegatingMethodAccessorImpl.invoke(Unknown Source)
	at java.lang.reflect.Method.invoke(Unknown Source)
	at org.testng.internal.MethodInvocationHelper.invokeMethod(MethodInvocationHelper.java:100)
	at org.testng.internal.Invoker.invokeMethod(Invoker.java:646)
	at org.testng.internal.Invoker.invokeTestMethod(Invoker.java:811)
	at org.testng.internal.Invoker.invokeTestMethods(Invoker.java:1129)
	at org.testng.internal.TestMethodWorker.invokeTestMethods(TestMethodWorker.java:129)
	at org.testng.internal.TestMethodWorker.run(TestMethodWorker.java:112)
	at org.testng.TestRunner.privateRun(TestRunner.java:746)
	at org.testng.TestRunner.run(TestRunner.java:600)
	at org.testng.SuiteRunner.runTest(SuiteRunner.java:366)
	at org.testng.SuiteRunner.runSequentially(SuiteRunner.java:361)
	at org.testng.SuiteRunner.privateRun(SuiteRunner.java:319)
	at org.testng.SuiteRunner.run(SuiteRunner.java:268)
	at org.testng.SuiteRunnerWorker.runSuite(SuiteRunnerWorker.java:52)
	at org.testng.SuiteRunnerWorker.run(SuiteRunnerWorker.java:86)
	at org.testng.TestNG.runSuitesSequentially(TestNG.java:1264)
	at org.testng.TestNG.runSuitesLocally(TestNG.java:1189)
	at org.testng.TestNG.runSuites(TestNG.java:1104)
	at org.testng.TestNG.run(TestNG.java:1076)
	at org.testng.remote.AbstractRemoteTestNG.run(AbstractRemoteTestNG.java:126)
	at org.testng.remote.RemoteTestNG.initAndRun(RemoteTestNG.java:152)
	at org.testng.remote.RemoteTestNG.main(RemoteTestNG.java:57)
</pre></div><a href='#' onClick='toggleBox("stack-trace17021438", this, "Click to show all stack frames", "Click to hide stack frames")'>Click to show all stack frames</a>
<div class='stack-trace' id='stack-trace17021438'><pre>org.openqa.selenium.SessionNotCreatedException: session not created
from disconnected: Unable to receive message from renderer
  (Session info: chrome=81.0.4044.122)
Build info: version: &apos;3.141.59&apos;, revision: &apos;e82be7d358&apos;, time: &apos;2018-11-14T08:25:48&apos;
System info: host: &apos;INTEL-PC&apos;, ip: &apos;192.168.1.4&apos;, os.name: &apos;Windows 7&apos;, os.arch: &apos;x86&apos;, os.version: &apos;6.1&apos;, java.version: &apos;1.8.0_201&apos;
Driver info: driver.version: ChromeDriver
remote stacktrace: Backtrace:
	Ordinal0 [0x00470C83+1707139]
	Ordinal0 [0x003D68F1+1075441]
	Ordinal0 [0x0034DFC9+516041]
	Ordinal0 [0x00345DA5+482725]
	Ordinal0 [0x003453AC+480172]
	Ordinal0 [0x003455D5+480725]
	Ordinal0 [0x00345035+479285]
	Ordinal0 [0x0034CD25+511269]
	Ordinal0 [0x00344FE8+479208]
	Ordinal0 [0x00345A3B+481851]
	Ordinal0 [0x003453AC+480172]
	Ordinal0 [0x003455D5+480725]
	Ordinal0 [0x00345035+479285]
	Ordinal0 [0x0034B5AE+505262]
	Ordinal0 [0x00344FE8+479208]
	Ordinal0 [0x00345A3B+481851]
	Ordinal0 [0x003453AC+480172]
	Ordinal0 [0x003455D5+480725]
	Ordinal0 [0x00345035+479285]
	Ordinal0 [0x00349E1C+499228]
	Ordinal0 [0x00344FE8+479208]
	Ordinal0 [0x00345A3B+481851]
	Ordinal0 [0x003453AC+480172]
	Ordinal0 [0x003455D5+480725]
	Ordinal0 [0x00345035+479285]
	Ordinal0 [0x003494B7+496823]
	Ordinal0 [0x00344FE8+479208]
	Ordinal0 [0x00345A3B+481851]
	Ordinal0 [0x003453AC+480172]
	Ordinal0 [0x003455D5+480725]
	Ordinal0 [0x00345035+479285]
	Ordinal0 [0x00341B5C+465756]
	Ordinal0 [0x00344FE8+479208]
	Ordinal0 [0x00344EC4+478916]
	Ordinal0 [0x0034ECA0+519328]
	Ordinal0 [0x002FCA67+182887]
	Ordinal0 [0x002FBDDD+179677]
	Ordinal0 [0x002F9D4B+171339]
	Ordinal0 [0x002E1D4A+73034]
	Ordinal0 [0x002E2DC0+77248]
	Ordinal0 [0x002E2D59+77145]
	Ordinal0 [0x003EBB67+1162087]
	GetHandleVerifier [0x0050A966+508998]
	GetHandleVerifier [0x0050A6A4+508292]
	GetHandleVerifier [0x0051F7B7+594583]
	GetHandleVerifier [0x0050B1D6+511158]
	Ordinal0 [0x003E402C+1130540]
	Ordinal0 [0x003ED4CB+1168587]
	Ordinal0 [0x003ED633+1168947]
	Ordinal0 [0x00405B35+1268533]
	BaseThreadInitThunk [0x771E3C45+18]
	RtlInitializeExceptionChain [0x778837F5+239]
	RtlInitializeExceptionChain [0x778837C8+194]

	at sun.reflect.NativeConstructorAccessorImpl.newInstance0(Native Method)
	at sun.reflect.NativeConstructorAccessorImpl.newInstance(Unknown Source)
	at sun.reflect.DelegatingConstructorAccessorImpl.newInstance(Unknown Source)
	at java.lang.reflect.Constructor.newInstance(Unknown Source)
	at org.openqa.selenium.remote.W3CHandshakeResponse.lambda$errorHandler$0(W3CHandshakeResponse.java:62)
	at org.openqa.selenium.remote.HandshakeResponse.lambda$getResponseFunction$0(HandshakeResponse.java:30)
	at org.openqa.selenium.remote.ProtocolHandshake.lambda$createSession$0(ProtocolHandshake.java:126)
	at java.util.stream.ReferencePipeline$3$1.accept(Unknown Source)
	at java.util.Spliterators$ArraySpliterator.tryAdvance(Unknown Source)
	at java.util.stream.ReferencePipeline.forEachWithCancel(Unknown Source)
	at java.util.stream.AbstractPipeline.copyIntoWithCancel(Unknown Source)
	at java.util.stream.AbstractPipeline.copyInto(Unknown Source)
	at java.util.stream.AbstractPipeline.wrapAndCopyInto(Unknown Source)
	at java.util.stream.FindOps$FindOp.evaluateSequential(Unknown Source)
	at java.util.stream.AbstractPipeline.evaluate(Unknown Source)
	at java.util.stream.ReferencePipeline.findFirst(Unknown Source)
	at org.openqa.selenium.remote.ProtocolHandshake.createSession(ProtocolHandshake.java:128)
	at org.openqa.selenium.remote.ProtocolHandshake.createSession(ProtocolHandshake.java:74)
	at org.openqa.selenium.remote.HttpCommandExecutor.execute(HttpCommandExecutor.java:136)
	at org.openqa.selenium.remote.service.DriverCommandExecutor.execute(DriverCommandExecutor.java:83)
	at org.openqa.selenium.remote.RemoteWebDriver.execute(RemoteWebDriver.java:552)
	at org.openqa.selenium.remote.RemoteWebDriver.startSession(RemoteWebDriver.java:213)
	at org.openqa.selenium.remote.RemoteWebDriver.&lt;init&gt;(RemoteWebDriver.java:131)
	at org.openqa.selenium.chrome.ChromeDriver.&lt;init&gt;(ChromeDriver.java:181)
	at org.openqa.selenium.chrome.ChromeDriver.&lt;init&gt;(ChromeDriver.java:168)
	at org.openqa.selenium.chrome.ChromeDriver.&lt;init&gt;(ChromeDriver.java:123)
	at com.calcluator.EmiCalculator.calculatorLoanEmi(EmiCalculator.java:20)
	at sun.reflect.NativeMethodAccessorImpl.invoke0(Native Method)
	at sun.reflect.NativeMethodAccessorImpl.invoke(Unknown Source)
	at sun.reflect.DelegatingMethodAccessorImpl.invoke(Unknown Source)
	at java.lang.reflect.Method.invoke(Unknown Source)
	at org.testng.internal.MethodInvocationHelper.invokeMethod(MethodInvocationHelper.java:100)
	at org.testng.internal.Invoker.invokeMethod(Invoker.java:646)
	at org.testng.internal.Invoker.invokeTestMethod(Invoker.java:811)
	at org.testng.internal.Invoker.invokeTestMethods(Invoker.java:1129)
	at org.testng.internal.TestMethodWorker.invokeTestMethods(TestMethodWorker.java:129)
	at org.testng.internal.TestMethodWorker.run(TestMethodWorker.java:112)
	at org.testng.TestRunner.privateRun(TestRunner.java:746)
	at org.testng.TestRunner.run(TestRunner.java:600)
	at org.testng.SuiteRunner.runTest(SuiteRunner.java:366)
	at org.testng.SuiteRunner.runSequentially(SuiteRunner.java:361)
	at org.testng.SuiteRunner.privateRun(SuiteRunner.java:319)
	at org.testng.SuiteRunner.run(SuiteRunner.java:268)
	at org.testng.SuiteRunnerWorker.runSuite(SuiteRunnerWorker.java:52)
	at org.testng.SuiteRunnerWorker.run(SuiteRunnerWorker.java:86)
	at org.testng.TestNG.runSuitesSequentially(TestNG.java:1264)
	at org.testng.TestNG.runSuitesLocally(TestNG.java:1189)
	at org.testng.TestNG.runSuites(TestNG.java:1104)
	at org.testng.TestNG.run(TestNG.java:1076)
	at org.testng.remote.AbstractRemoteTestNG.run(AbstractRemoteTestNG.java:126)
	at org.testng.remote.RemoteTestNG.initAndRun(RemoteTestNG.java:152)
	at org.testng.remote.RemoteTestNG.main(RemoteTestNG.java:57)
</pre></div></td>
<td>11</td>
<td>com.calcluator.EmiCalculator@756e4d</td></tr>
</table><p>
</body>
</html>