<?xml version="1.0" encoding="UTF-8"?>
<testng-results skipped="0" failed="1" total="1" passed="0">
  <reporter-output>
  </reporter-output>
  <suite name="Default suite" duration-ms="12104" started-at="2020-04-29T10:56:10Z" finished-at="2020-04-29T10:56:22Z">
    <groups>
    </groups>
    <test name="Default test" duration-ms="12104" started-at="2020-04-29T10:56:10Z" finished-at="2020-04-29T10:56:22Z">
      <class name="com.calcluator.EmiCalculator">
        <test-method status="FAIL" signature="calculatorLoanEmi()[pri:0, instance:com.calcluator.EmiCalculator@756e4d]" name="calculatorLoanEmi" duration-ms="11893" started-at="2020-04-29T16:26:10Z" finished-at="2020-04-29T16:26:22Z">
          <exception class="org.openqa.selenium.SessionNotCreatedException">
            <message>
              <![CDATA[session not created
from disconnected: Unable to receive message from renderer
  (Session info: chrome=81.0.4044.122)
Build info: version: '3.141.59', revision: 'e82be7d358', time: '2018-11-14T08:25:48'
System info: host: 'INTEL-PC', ip: '192.168.1.4', os.name: 'Windows 7', os.arch: 'x86', os.version: '6.1', java.version: '1.8.0_201'
Driver info: driver.version: ChromeDriver
remote stacktrace: Backtrace:
	Ordinal0 [0x00470C83+1707139]
	Ordinal0 [0x003D68F1+1075441]
	Ordinal0 [0x0034DFC9+516041]
	Ordinal0 [0x00345DA5+482725]
	Ordinal0 [0x003453AC+480172]
	Ordinal0 [0x003455D5+480725]
	Ordinal0 [0x00345035+479285]
	Ordinal0 [0x0034CD25+511269]
	Ordinal0 [0x00344FE8+479208]
	Ordinal0 [0x00345A3B+481851]
	Ordinal0 [0x003453AC+480172]
	Ordinal0 [0x003455D5+480725]
	Ordinal0 [0x00345035+479285]
	Ordinal0 [0x0034B5AE+505262]
	Ordinal0 [0x00344FE8+479208]
	Ordinal0 [0x00345A3B+481851]
	Ordinal0 [0x003453AC+480172]
	Ordinal0 [0x003455D5+480725]
	Ordinal0 [0x00345035+479285]
	Ordinal0 [0x00349E1C+499228]
	Ordinal0 [0x00344FE8+479208]
	Ordinal0 [0x00345A3B+481851]
	Ordinal0 [0x003453AC+480172]
	Ordinal0 [0x003455D5+480725]
	Ordinal0 [0x00345035+479285]
	Ordinal0 [0x003494B7+496823]
	Ordinal0 [0x00344FE8+479208]
	Ordinal0 [0x00345A3B+481851]
	Ordinal0 [0x003453AC+480172]
	Ordinal0 [0x003455D5+480725]
	Ordinal0 [0x00345035+479285]
	Ordinal0 [0x00341B5C+465756]
	Ordinal0 [0x00344FE8+479208]
	Ordinal0 [0x00344EC4+478916]
	Ordinal0 [0x0034ECA0+519328]
	Ordinal0 [0x002FCA67+182887]
	Ordinal0 [0x002FBDDD+179677]
	Ordinal0 [0x002F9D4B+171339]
	Ordinal0 [0x002E1D4A+73034]
	Ordinal0 [0x002E2DC0+77248]
	Ordinal0 [0x002E2D59+77145]
	Ordinal0 [0x003EBB67+1162087]
	GetHandleVerifier [0x0050A966+508998]
	GetHandleVerifier [0x0050A6A4+508292]
	GetHandleVerifier [0x0051F7B7+594583]
	GetHandleVerifier [0x0050B1D6+511158]
	Ordinal0 [0x003E402C+1130540]
	Ordinal0 [0x003ED4CB+1168587]
	Ordinal0 [0x003ED633+1168947]
	Ordinal0 [0x00405B35+1268533]
	BaseThreadInitThunk [0x771E3C45+18]
	RtlInitializeExceptionChain [0x778837F5+239]
	RtlInitializeExceptionChain [0x778837C8+194]
]]>
            </message>
            <full-stacktrace>
              <![CDATA[org.openqa.selenium.SessionNotCreatedException: session not created
from disconnected: Unable to receive message from renderer
  (Session info: chrome=81.0.4044.122)
Build info: version: '3.141.59', revision: 'e82be7d358', time: '2018-11-14T08:25:48'
System info: host: 'INTEL-PC', ip: '192.168.1.4', os.name: 'Windows 7', os.arch: 'x86', os.version: '6.1', java.version: '1.8.0_201'
Driver info: driver.version: ChromeDriver
remote stacktrace: Backtrace:
	Ordinal0 [0x00470C83+1707139]
	Ordinal0 [0x003D68F1+1075441]
	Ordinal0 [0x0034DFC9+516041]
	Ordinal0 [0x00345DA5+482725]
	Ordinal0 [0x003453AC+480172]
	Ordinal0 [0x003455D5+480725]
	Ordinal0 [0x00345035+479285]
	Ordinal0 [0x0034CD25+511269]
	Ordinal0 [0x00344FE8+479208]
	Ordinal0 [0x00345A3B+481851]
	Ordinal0 [0x003453AC+480172]
	Ordinal0 [0x003455D5+480725]
	Ordinal0 [0x00345035+479285]
	Ordinal0 [0x0034B5AE+505262]
	Ordinal0 [0x00344FE8+479208]
	Ordinal0 [0x00345A3B+481851]
	Ordinal0 [0x003453AC+480172]
	Ordinal0 [0x003455D5+480725]
	Ordinal0 [0x00345035+479285]
	Ordinal0 [0x00349E1C+499228]
	Ordinal0 [0x00344FE8+479208]
	Ordinal0 [0x00345A3B+481851]
	Ordinal0 [0x003453AC+480172]
	Ordinal0 [0x003455D5+480725]
	Ordinal0 [0x00345035+479285]
	Ordinal0 [0x003494B7+496823]
	Ordinal0 [0x00344FE8+479208]
	Ordinal0 [0x00345A3B+481851]
	Ordinal0 [0x003453AC+480172]
	Ordinal0 [0x003455D5+480725]
	Ordinal0 [0x00345035+479285]
	Ordinal0 [0x00341B5C+465756]
	Ordinal0 [0x00344FE8+479208]
	Ordinal0 [0x00344EC4+478916]
	Ordinal0 [0x0034ECA0+519328]
	Ordinal0 [0x002FCA67+182887]
	Ordinal0 [0x002FBDDD+179677]
	Ordinal0 [0x002F9D4B+171339]
	Ordinal0 [0x002E1D4A+73034]
	Ordinal0 [0x002E2DC0+77248]
	Ordinal0 [0x002E2D59+77145]
	Ordinal0 [0x003EBB67+1162087]
	GetHandleVerifier [0x0050A966+508998]
	GetHandleVerifier [0x0050A6A4+508292]
	GetHandleVerifier [0x0051F7B7+594583]
	GetHandleVerifier [0x0050B1D6+511158]
	Ordinal0 [0x003E402C+1130540]
	Ordinal0 [0x003ED4CB+1168587]
	Ordinal0 [0x003ED633+1168947]
	Ordinal0 [0x00405B35+1268533]
	BaseThreadInitThunk [0x771E3C45+18]
	RtlInitializeExceptionChain [0x778837F5+239]
	RtlInitializeExceptionChain [0x778837C8+194]

	at sun.reflect.NativeConstructorAccessorImpl.newInstance0(Native Method)
	at sun.reflect.NativeConstructorAccessorImpl.newInstance(Unknown Source)
	at sun.reflect.DelegatingConstructorAccessorImpl.newInstance(Unknown Source)
	at java.lang.reflect.Constructor.newInstance(Unknown Source)
	at org.openqa.selenium.remote.W3CHandshakeResponse.lambda$errorHandler$0(W3CHandshakeResponse.java:62)
	at org.openqa.selenium.remote.HandshakeResponse.lambda$getResponseFunction$0(HandshakeResponse.java:30)
	at org.openqa.selenium.remote.ProtocolHandshake.lambda$createSession$0(ProtocolHandshake.java:126)
	at java.util.stream.ReferencePipeline$3$1.accept(Unknown Source)
	at java.util.Spliterators$ArraySpliterator.tryAdvance(Unknown Source)
	at java.util.stream.ReferencePipeline.forEachWithCancel(Unknown Source)
	at java.util.stream.AbstractPipeline.copyIntoWithCancel(Unknown Source)
	at java.util.stream.AbstractPipeline.copyInto(Unknown Source)
	at java.util.stream.AbstractPipeline.wrapAndCopyInto(Unknown Source)
	at java.util.stream.FindOps$FindOp.evaluateSequential(Unknown Source)
	at java.util.stream.AbstractPipeline.evaluate(Unknown Source)
	at java.util.stream.ReferencePipeline.findFirst(Unknown Source)
	at org.openqa.selenium.remote.ProtocolHandshake.createSession(ProtocolHandshake.java:128)
	at org.openqa.selenium.remote.ProtocolHandshake.createSession(ProtocolHandshake.java:74)
	at org.openqa.selenium.remote.HttpCommandExecutor.execute(HttpCommandExecutor.java:136)
	at org.openqa.selenium.remote.service.DriverCommandExecutor.execute(DriverCommandExecutor.java:83)
	at org.openqa.selenium.remote.RemoteWebDriver.execute(RemoteWebDriver.java:552)
	at org.openqa.selenium.remote.RemoteWebDriver.startSession(RemoteWebDriver.java:213)
	at org.openqa.selenium.remote.RemoteWebDriver.<init>(RemoteWebDriver.java:131)
	at org.openqa.selenium.chrome.ChromeDriver.<init>(ChromeDriver.java:181)
	at org.openqa.selenium.chrome.ChromeDriver.<init>(ChromeDriver.java:168)
	at org.openqa.selenium.chrome.ChromeDriver.<init>(ChromeDriver.java:123)
	at com.calcluator.EmiCalculator.calculatorLoanEmi(EmiCalculator.java:20)
	at sun.reflect.NativeMethodAccessorImpl.invoke0(Native Method)
	at sun.reflect.NativeMethodAccessorImpl.invoke(Unknown Source)
	at sun.reflect.DelegatingMethodAccessorImpl.invoke(Unknown Source)
	at java.lang.reflect.Method.invoke(Unknown Source)
	at org.testng.internal.MethodInvocationHelper.invokeMethod(MethodInvocationHelper.java:100)
	at org.testng.internal.Invoker.invokeMethod(Invoker.java:646)
	at org.testng.internal.Invoker.invokeTestMethod(Invoker.java:811)
	at org.testng.internal.Invoker.invokeTestMethods(Invoker.java:1129)
	at org.testng.internal.TestMethodWorker.invokeTestMethods(TestMethodWorker.java:129)
	at org.testng.internal.TestMethodWorker.run(TestMethodWorker.java:112)
	at org.testng.TestRunner.privateRun(TestRunner.java:746)
	at org.testng.TestRunner.run(TestRunner.java:600)
	at org.testng.SuiteRunner.runTest(SuiteRunner.java:366)
	at org.testng.SuiteRunner.runSequentially(SuiteRunner.java:361)
	at org.testng.SuiteRunner.privateRun(SuiteRunner.java:319)
	at org.testng.SuiteRunner.run(SuiteRunner.java:268)
	at org.testng.SuiteRunnerWorker.runSuite(SuiteRunnerWorker.java:52)
	at org.testng.SuiteRunnerWorker.run(SuiteRunnerWorker.java:86)
	at org.testng.TestNG.runSuitesSequentially(TestNG.java:1264)
	at org.testng.TestNG.runSuitesLocally(TestNG.java:1189)
	at org.testng.TestNG.runSuites(TestNG.java:1104)
	at org.testng.TestNG.run(TestNG.java:1076)
	at org.testng.remote.AbstractRemoteTestNG.run(AbstractRemoteTestNG.java:126)
	at org.testng.remote.RemoteTestNG.initAndRun(RemoteTestNG.java:152)
	at org.testng.remote.RemoteTestNG.main(RemoteTestNG.java:57)
]]>
            </full-stacktrace>
          </exception> <!-- org.openqa.selenium.SessionNotCreatedException -->
          <reporter-output>
          </reporter-output>
        </test-method> <!-- calculatorLoanEmi -->
      </class> <!-- com.calcluator.EmiCalculator -->
    </test> <!-- Default test -->
  </suite> <!-- Default suite -->
</testng-results>
